<?xml version="1.0" encoding="UTF-8"?>
<testsuite name="org.pft.tests.SelTestYandex" tests="4" skipped="0" failures="0" errors="0" timestamp="2017-12-05T12:50:12" hostname="lap_KJ__" time="54.992">
  <properties/>
  <testcase name="testYandex1[0](Query{queryText='google'})" classname="org.pft.tests.SelTestYandex" time="33.641"/>
  <testcase name="testYandex1[1](Query{queryText='yan'})" classname="org.pft.tests.SelTestYandex" time="8.363"/>
  <testcase name="testYandex1[2](Query{queryText='пылесосы_gradle'})" classname="org.pft.tests.SelTestYandex" time="6.431"/>
  <testcase name="testYandexGetThirdResult" classname="org.pft.tests.SelTestYandex" time="6.555"/>
  <system-out><![CDATA[]]></system-out>
  <system-err><![CDATA[Starting ChromeDriver 2.32.498550 (9dec58e66c31bcc53a9ce3c7226f0c1c5810906a) on port 21945
Only local connections are allowed.
дек 05, 2017 3:50:28 PM org.openqa.selenium.remote.ProtocolHandshake createSession
INFO: Detected dialect: OSS
]]></system-err>
</testsuite>
